app/build/intermediates/manifest_merge_blame_file/debug/manifest-merger-blame-debug-report.txt
1<?xml version="1.0" encoding="utf-8"?>
2<manifest xmlns:android="http://schemas.android.com/apk/res/android"
3    package="com.moneyflow.tracker"
4    android:versionCode="1"
5    android:versionName="1.0.0" >
6
7    <uses-sdk
8        android:minSdkVersion="24"
8-->src\main\AndroidManifest.xml
9        android:targetSdkVersion="33" />
9-->src\main\AndroidManifest.xml
10
11    <permission
11-->[androidx.core:core:1.10.1] AndroidManifest.xml:22:5-24:47
12        android:name="com.moneyflow.tracker.DYNAMIC_RECEIVER_NOT_EXPORTED_PERMISSION"
12-->[androidx.core:core:1.10.1] AndroidManifest.xml:23:9-81
13        android:protectionLevel="signature" />
13-->[androidx.core:core:1.10.1] AndroidManifest.xml:24:9-44
14
15    <uses-permission android:name="com.moneyflow.tracker.DYNAMIC_RECEIVER_NOT_EXPORTED_PERMISSION" />
15-->[androidx.core:core:1.10.1] AndroidManifest.xml:26:5-97
15-->[androidx.core:core:1.10.1] AndroidManifest.xml:26:22-94
16
17    <application
17-->src\main\AndroidManifest.xml:5:5-43:19
18        android:allowBackup="true"
18-->src\main\AndroidManifest.xml:6:9-35
19        android:appComponentFactory="androidx.core.app.CoreComponentFactory"
19-->[androidx.core:core:1.10.1] AndroidManifest.xml:28:18-86
20        android:debuggable="true"
21        android:extractNativeLibs="false"
22        android:icon="@mipmap/ic_launcher"
22-->src\main\AndroidManifest.xml:7:9-43
23        android:label="@string/app_name"
23-->src\main\AndroidManifest.xml:8:9-41
24        android:roundIcon="@mipmap/ic_launcher_round"
24-->src\main\AndroidManifest.xml:9:9-54
25        android:supportsRtl="true"
25-->src\main\AndroidManifest.xml:10:9-35
26        android:testOnly="true"
27        android:theme="@style/Theme.MoneyFlow" >
27-->src\main\AndroidManifest.xml:11:9-47
28        <activity
28-->src\main\AndroidManifest.xml:14:9-22:20
29            android:name="com.moneyflow.tracker.ui.activity.DashboardActivity"
29-->src\main\AndroidManifest.xml:15:13-58
30            android:exported="true"
30-->src\main\AndroidManifest.xml:16:13-36
31            android:theme="@style/Theme.MoneyFlow" >
31-->src\main\AndroidManifest.xml:17:13-51
32            <intent-filter>
32-->src\main\AndroidManifest.xml:18:13-21:29
33                <action android:name="android.intent.action.MAIN" />
33-->src\main\AndroidManifest.xml:19:17-69
33-->src\main\AndroidManifest.xml:19:25-66
34
35                <category android:name="android.intent.category.LAUNCHER" />
35-->src\main\AndroidManifest.xml:20:17-77
35-->src\main\AndroidManifest.xml:20:27-74
36            </intent-filter>
37        </activity>
38        <activity
38-->src\main\AndroidManifest.xml:24:9-27:75
39            android:name="com.moneyflow.tracker.ui.activity.AddExpenseActivity"
39-->src\main\AndroidManifest.xml:25:13-59
40            android:parentActivityName="com.moneyflow.tracker.ui.activity.DashboardActivity"
40-->src\main\AndroidManifest.xml:27:13-72
41            android:theme="@style/Theme.MoneyFlow" />
41-->src\main\AndroidManifest.xml:26:13-51
42        <activity
42-->src\main\AndroidManifest.xml:29:9-32:75
43            android:name="com.moneyflow.tracker.ui.activity.CreateWalletActivity"
43-->src\main\AndroidManifest.xml:30:13-61
44            android:parentActivityName="com.moneyflow.tracker.ui.activity.DashboardActivity"
44-->src\main\AndroidManifest.xml:32:13-72
45            android:theme="@style/Theme.MoneyFlow" />
45-->src\main\AndroidManifest.xml:31:13-51
46        <activity
46-->src\main\AndroidManifest.xml:34:9-37:75
47            android:name="com.moneyflow.tracker.ui.activity.WalletDetailsActivity"
47-->src\main\AndroidManifest.xml:35:13-62
48            android:parentActivityName="com.moneyflow.tracker.ui.activity.DashboardActivity"
48-->src\main\AndroidManifest.xml:37:13-72
49            android:theme="@style/Theme.MoneyFlow" />
49-->src\main\AndroidManifest.xml:36:13-51
50        <activity
50-->src\main\AndroidManifest.xml:39:9-42:75
51            android:name="com.moneyflow.tracker.ui.activity.ReportsActivity"
51-->src\main\AndroidManifest.xml:40:13-56
52            android:parentActivityName="com.moneyflow.tracker.ui.activity.DashboardActivity"
52-->src\main\AndroidManifest.xml:42:13-72
53            android:theme="@style/Theme.MoneyFlow" />
53-->src\main\AndroidManifest.xml:41:13-51
54
55        <provider
55-->[androidx.emoji2:emoji2:1.2.0] AndroidManifest.xml:24:9-32:20
56            android:name="androidx.startup.InitializationProvider"
56-->[androidx.emoji2:emoji2:1.2.0] AndroidManifest.xml:25:13-67
57            android:authorities="com.moneyflow.tracker.androidx-startup"
57-->[androidx.emoji2:emoji2:1.2.0] AndroidManifest.xml:26:13-68
58            android:exported="false" >
58-->[androidx.emoji2:emoji2:1.2.0] AndroidManifest.xml:27:13-37
59            <meta-data
59-->[androidx.emoji2:emoji2:1.2.0] AndroidManifest.xml:29:13-31:52
60                android:name="androidx.emoji2.text.EmojiCompatInitializer"
60-->[androidx.emoji2:emoji2:1.2.0] AndroidManifest.xml:30:17-75
61                android:value="androidx.startup" />
61-->[androidx.emoji2:emoji2:1.2.0] AndroidManifest.xml:31:17-49
62            <meta-data
62-->[androidx.lifecycle:lifecycle-process:2.6.2] AndroidManifest.xml:29:13-31:52
63                android:name="androidx.lifecycle.ProcessLifecycleInitializer"
63-->[androidx.lifecycle:lifecycle-process:2.6.2] AndroidManifest.xml:30:17-78
64                android:value="androidx.startup" />
64-->[androidx.lifecycle:lifecycle-process:2.6.2] AndroidManifest.xml:31:17-49
65            <meta-data
65-->[androidx.profileinstaller:profileinstaller:1.3.0] AndroidManifest.xml:29:13-31:52
66                android:name="androidx.profileinstaller.ProfileInstallerInitializer"
66-->[androidx.profileinstaller:profileinstaller:1.3.0] AndroidManifest.xml:30:17-85
67                android:value="androidx.startup" />
67-->[androidx.profileinstaller:profileinstaller:1.3.0] AndroidManifest.xml:31:17-49
68        </provider>
69
70        <uses-library
70-->[androidx.window:window:1.0.0] AndroidManifest.xml:25:9-27:40
71            android:name="androidx.window.extensions"
71-->[androidx.window:window:1.0.0] AndroidManifest.xml:26:13-54
72            android:required="false" />
72-->[androidx.window:window:1.0.0] AndroidManifest.xml:27:13-37
73        <uses-library
73-->[androidx.window:window:1.0.0] AndroidManifest.xml:28:9-30:40
74            android:name="androidx.window.sidecar"
74-->[androidx.window:window:1.0.0] AndroidManifest.xml:29:13-51
75            android:required="false" />
75-->[androidx.window:window:1.0.0] AndroidManifest.xml:30:13-37
76
77        <service
77-->[androidx.room:room-runtime:2.5.2] AndroidManifest.xml:24:9-28:63
78            android:name="androidx.room.MultiInstanceInvalidationService"
78-->[androidx.room:room-runtime:2.5.2] AndroidManifest.xml:25:13-74
79            android:directBootAware="true"
79-->[androidx.room:room-runtime:2.5.2] AndroidManifest.xml:26:13-43
80            android:exported="false" />
80-->[androidx.room:room-runtime:2.5.2] AndroidManifest.xml:27:13-37
81
82        <receiver
82-->[androidx.profileinstaller:profileinstaller:1.3.0] AndroidManifest.xml:34:9-52:20
83            android:name="androidx.profileinstaller.ProfileInstallReceiver"
83-->[androidx.profileinstaller:profileinstaller:1.3.0] AndroidManifest.xml:35:13-76
84            android:directBootAware="false"
84-->[androidx.profileinstaller:profileinstaller:1.3.0] AndroidManifest.xml:36:13-44
85            android:enabled="true"
85-->[androidx.profileinstaller:profileinstaller:1.3.0] AndroidManifest.xml:37:13-35
86            android:exported="true"
86-->[androidx.profileinstaller:profileinstaller:1.3.0] AndroidManifest.xml:38:13-36
87            android:permission="android.permission.DUMP" >
87-->[androidx.profileinstaller:profileinstaller:1.3.0] AndroidManifest.xml:39:13-57
88            <intent-filter>
88-->[androidx.profileinstaller:profileinstaller:1.3.0] AndroidManifest.xml:40:13-42:29
89                <action android:name="androidx.profileinstaller.action.INSTALL_PROFILE" />
89-->[androidx.profileinstaller:profileinstaller:1.3.0] AndroidManifest.xml:41:17-91
89-->[androidx.profileinstaller:profileinstaller:1.3.0] AndroidManifest.xml:41:25-88
90            </intent-filter>
91            <intent-filter>
91-->[androidx.profileinstaller:profileinstaller:1.3.0] AndroidManifest.xml:43:13-45:29
92                <action android:name="androidx.profileinstaller.action.SKIP_FILE" />
92-->[androidx.profileinstaller:profileinstaller:1.3.0] AndroidManifest.xml:44:17-85
92-->[androidx.profileinstaller:profileinstaller:1.3.0] AndroidManifest.xml:44:25-82
93            </intent-filter>
94            <intent-filter>
94-->[androidx.profileinstaller:profileinstaller:1.3.0] AndroidManifest.xml:46:13-48:29
95                <action android:name="androidx.profileinstaller.action.SAVE_PROFILE" />
95-->[androidx.profileinstaller:profileinstaller:1.3.0] AndroidManifest.xml:47:17-88
95-->[androidx.profileinstaller:profileinstaller:1.3.0] AndroidManifest.xml:47:25-85
96            </intent-filter>
97            <intent-filter>
97-->[androidx.profileinstaller:profileinstaller:1.3.0] AndroidManifest.xml:49:13-51:29
98                <action android:name="androidx.profileinstaller.action.BENCHMARK_OPERATION" />
98-->[androidx.profileinstaller:profileinstaller:1.3.0] AndroidManifest.xml:50:17-95
98-->[androidx.profileinstaller:profileinstaller:1.3.0] AndroidManifest.xml:50:25-92
99            </intent-filter>
100        </receiver>
101    </application>
102
103</manifest>